0 info it worked if it ends with ok
1 verbose cli [ '/usr/bin/nodejs', '/usr/bin/npm', 'install', '-g', 'list.js' ]
2 info using npm@3.5.2
3 info using node@v4.2.6
4 silly loadCurrentTree Starting
5 silly install loadCurrentTree
6 silly install readGlobalPackageData
7 silly fetchPackageMetaData list.js
8 silly fetchNamedPackageData list.js
9 silly mapToRegistry name list.js
10 silly mapToRegistry using default registry
11 silly mapToRegistry registry https://registry.npmjs.org/
12 silly mapToRegistry uri https://registry.npmjs.org/list.js
13 verbose request uri https://registry.npmjs.org/list.js
14 verbose request no auth needed
15 info attempt registry request try #1 at 8:53:31 AM
16 verbose request id cf1f3df3c6e4ff97
17 http request GET https://registry.npmjs.org/list.js
18 http 200 https://registry.npmjs.org/list.js
19 verbose headers { date: 'Thu, 25 Oct 2018 08:53:32 GMT',
19 verbose headers   'content-type': 'application/json; charset=UTF-8',
19 verbose headers   'transfer-encoding': 'chunked',
19 verbose headers   connection: 'keep-alive',
19 verbose headers   'set-cookie': [ '__cfduid=d7a79ebbfc1a8ba7f9dcd5f6a6d0ad94f1540457612; expires=Fri, 25-Oct-19 08:53:32 GMT; path=/; domain=.registry.npmjs.org; HttpOnly' ],
19 verbose headers   'cf-cache-status': 'HIT',
19 verbose headers   'cache-control': 'max-age=300',
19 verbose headers   'cf-ray': '46f3740b1c97aee1-KIX',
19 verbose headers   etag: 'W/"089405de883007e3b7d9cd26903bd7e3"',
19 verbose headers   'expect-ct': 'max-age=604800, report-uri="https://report-uri.cloudflare.com/cdn-cgi/beacon/expect-ct"',
19 verbose headers   'last-modified': 'Sun, 27 May 2018 06:50:20 GMT',
19 verbose headers   vary: 'accept-encoding, accept',
19 verbose headers   server: 'cloudflare',
19 verbose headers   'content-encoding': 'gzip' }
20 silly get cb [ 200,
20 silly get   { date: 'Thu, 25 Oct 2018 08:53:32 GMT',
20 silly get     'content-type': 'application/json; charset=UTF-8',
20 silly get     'transfer-encoding': 'chunked',
20 silly get     connection: 'keep-alive',
20 silly get     'set-cookie': [ '__cfduid=d7a79ebbfc1a8ba7f9dcd5f6a6d0ad94f1540457612; expires=Fri, 25-Oct-19 08:53:32 GMT; path=/; domain=.registry.npmjs.org; HttpOnly' ],
20 silly get     'cf-cache-status': 'HIT',
20 silly get     'cache-control': 'max-age=300',
20 silly get     'cf-ray': '46f3740b1c97aee1-KIX',
20 silly get     etag: 'W/"089405de883007e3b7d9cd26903bd7e3"',
20 silly get     'expect-ct': 'max-age=604800, report-uri="https://report-uri.cloudflare.com/cdn-cgi/beacon/expect-ct"',
20 silly get     'last-modified': 'Sun, 27 May 2018 06:50:20 GMT',
20 silly get     vary: 'accept-encoding, accept',
20 silly get     server: 'cloudflare',
20 silly get     'content-encoding': 'gzip' } ]
21 verbose get saving list.js to /home/amigos/.npm/registry.npmjs.org/list.js/.cache.json
22 silly install normalizeTree
23 silly loadCurrentTree Finishing
24 silly loadIdealTree Starting
25 silly install loadIdealTree
26 silly cloneCurrentTree Starting
27 silly install cloneCurrentTreeToIdealTree
28 silly cloneCurrentTree Finishing
29 silly loadShrinkwrap Starting
30 silly install loadShrinkwrap
31 silly loadShrinkwrap Finishing
32 silly loadAllDepsIntoIdealTree Starting
33 silly install loadAllDepsIntoIdealTree
34 silly resolveWithNewModule list.js@1.5.0 checking installable status
35 silly cache add args [ 'list.js', null ]
36 verbose cache add spec list.js
37 silly cache add parsed spec Result {
37 silly cache add   raw: 'list.js',
37 silly cache add   scope: null,
37 silly cache add   name: 'list.js',
37 silly cache add   rawSpec: '',
37 silly cache add   spec: 'latest',
37 silly cache add   type: 'tag' }
38 silly addNamed list.js@latest
39 verbose addNamed "latest" is being treated as a dist-tag for list.js
40 info addNameTag [ 'list.js', 'latest' ]
41 silly mapToRegistry name list.js
42 silly mapToRegistry using default registry
43 silly mapToRegistry registry https://registry.npmjs.org/
44 silly mapToRegistry uri https://registry.npmjs.org/list.js
45 verbose addNameTag registry:https://registry.npmjs.org/list.js not in flight; fetching
46 verbose get https://registry.npmjs.org/list.js not expired, no request
47 silly addNameTag next cb for list.js with tag latest
48 silly addNamed list.js@1.5.0
49 verbose addNamed "1.5.0" is a plain semver version for list.js
50 silly mapToRegistry name list.js
51 silly mapToRegistry using default registry
52 silly mapToRegistry registry https://registry.npmjs.org/
53 silly mapToRegistry uri https://registry.npmjs.org/list.js
54 verbose addRemoteTarball https://registry.npmjs.org/list.js/-/list.js-1.5.0.tgz not in flight; adding
55 verbose addRemoteTarball [ 'https://registry.npmjs.org/list.js/-/list.js-1.5.0.tgz',
55 verbose addRemoteTarball   'a4cbfc8281ddefc02fdb2d30c8748bfae25fbcda' ]
56 info retry fetch attempt 1 at 8:53:32 AM
57 info attempt registry request try #1 at 8:53:32 AM
58 http fetch GET https://registry.npmjs.org/list.js/-/list.js-1.5.0.tgz
59 http fetch 200 https://registry.npmjs.org/list.js/-/list.js-1.5.0.tgz
60 silly fetchAndShaCheck shasum a4cbfc8281ddefc02fdb2d30c8748bfae25fbcda
61 verbose addTmpTarball /tmp/npm-15838-14243a40/registry.npmjs.org/list.js/-/list.js-1.5.0.tgz not in flight; adding
62 verbose addTmpTarball already have metadata; skipping unpack for list.js@1.5.0
63 silly cache afterAdd list.js@1.5.0
64 verbose afterAdd /home/amigos/.npm/list.js/1.5.0/package/package.json not in flight; writing
65 verbose afterAdd /home/amigos/.npm/list.js/1.5.0/package/package.json written
66 silly fetchNamedPackageData string-natural-compare
67 silly mapToRegistry name string-natural-compare
68 silly mapToRegistry using default registry
69 silly mapToRegistry registry https://registry.npmjs.org/
70 silly mapToRegistry uri https://registry.npmjs.org/string-natural-compare
71 verbose request uri https://registry.npmjs.org/string-natural-compare
72 verbose request no auth needed
73 info attempt registry request try #1 at 8:53:32 AM
74 http request GET https://registry.npmjs.org/string-natural-compare
75 http 200 https://registry.npmjs.org/string-natural-compare
76 verbose headers { date: 'Thu, 25 Oct 2018 08:53:32 GMT',
76 verbose headers   'content-type': 'application/json',
76 verbose headers   'transfer-encoding': 'chunked',
76 verbose headers   connection: 'keep-alive',
76 verbose headers   'set-cookie': [ '__cfduid=db92295a95866c291d48ce0ff4ed11df31540457612; expires=Fri, 25-Oct-19 08:53:32 GMT; path=/; domain=.registry.npmjs.org; HttpOnly' ],
76 verbose headers   'cf-cache-status': 'HIT',
76 verbose headers   'cache-control': 'max-age=300',
76 verbose headers   'cf-ray': '46f3740c5b73ae5d-KIX',
76 verbose headers   etag: 'W/"824156f5e76a1d24773c5a2f91fa8192"',
76 verbose headers   'expect-ct': 'max-age=604800, report-uri="https://report-uri.cloudflare.com/cdn-cgi/beacon/expect-ct"',
76 verbose headers   'last-modified': 'Tue, 16 Oct 2018 05:10:23 GMT',
76 verbose headers   vary: 'accept-encoding, accept',
76 verbose headers   'x-amz-meta-rev': '16-924a8417cf96ad833a821f9e680e8717',
76 verbose headers   server: 'cloudflare',
76 verbose headers   'content-encoding': 'gzip' }
77 silly get cb [ 200,
77 silly get   { date: 'Thu, 25 Oct 2018 08:53:32 GMT',
77 silly get     'content-type': 'application/json',
77 silly get     'transfer-encoding': 'chunked',
77 silly get     connection: 'keep-alive',
77 silly get     'set-cookie': [ '__cfduid=db92295a95866c291d48ce0ff4ed11df31540457612; expires=Fri, 25-Oct-19 08:53:32 GMT; path=/; domain=.registry.npmjs.org; HttpOnly' ],
77 silly get     'cf-cache-status': 'HIT',
77 silly get     'cache-control': 'max-age=300',
77 silly get     'cf-ray': '46f3740c5b73ae5d-KIX',
77 silly get     etag: 'W/"824156f5e76a1d24773c5a2f91fa8192"',
77 silly get     'expect-ct': 'max-age=604800, report-uri="https://report-uri.cloudflare.com/cdn-cgi/beacon/expect-ct"',
77 silly get     'last-modified': 'Tue, 16 Oct 2018 05:10:23 GMT',
77 silly get     vary: 'accept-encoding, accept',
77 silly get     'x-amz-meta-rev': '16-924a8417cf96ad833a821f9e680e8717',
77 silly get     server: 'cloudflare',
77 silly get     'content-encoding': 'gzip' } ]
78 verbose get saving string-natural-compare to /home/amigos/.npm/registry.npmjs.org/string-natural-compare/.cache.json
79 silly resolveWithNewModule string-natural-compare@2.0.3 checking installable status
80 silly cache add args [ 'string-natural-compare@^2.0.2', null ]
81 verbose cache add spec string-natural-compare@^2.0.2
82 silly cache add parsed spec Result {
82 silly cache add   raw: 'string-natural-compare@^2.0.2',
82 silly cache add   scope: null,
82 silly cache add   name: 'string-natural-compare',
82 silly cache add   rawSpec: '^2.0.2',
82 silly cache add   spec: '>=2.0.2 <3.0.0',
82 silly cache add   type: 'range' }
83 silly addNamed string-natural-compare@>=2.0.2 <3.0.0
84 verbose addNamed ">=2.0.2 <3.0.0" is a valid semver range for string-natural-compare
85 silly addNameRange { name: 'string-natural-compare',
85 silly addNameRange   range: '>=2.0.2 <3.0.0',
85 silly addNameRange   hasData: false }
86 silly mapToRegistry name string-natural-compare
87 silly mapToRegistry using default registry
88 silly mapToRegistry registry https://registry.npmjs.org/
89 silly mapToRegistry uri https://registry.npmjs.org/string-natural-compare
90 verbose addNameRange registry:https://registry.npmjs.org/string-natural-compare not in flight; fetching
91 verbose get https://registry.npmjs.org/string-natural-compare not expired, no request
92 silly addNameRange number 2 { name: 'string-natural-compare',
92 silly addNameRange   range: '>=2.0.2 <3.0.0',
92 silly addNameRange   hasData: true }
93 silly addNameRange versions [ 'string-natural-compare',
93 silly addNameRange   [ '0.1.0',
93 silly addNameRange     '1.0.0',
93 silly addNameRange     '1.1.0',
93 silly addNameRange     '1.1.1',
93 silly addNameRange     '2.0.0',
93 silly addNameRange     '2.0.1',
93 silly addNameRange     '2.0.2',
93 silly addNameRange     '2.0.3' ] ]
94 silly addNamed string-natural-compare@2.0.3
95 verbose addNamed "2.0.3" is a plain semver version for string-natural-compare
96 silly mapToRegistry name string-natural-compare
97 silly mapToRegistry using default registry
98 silly mapToRegistry registry https://registry.npmjs.org/
99 silly mapToRegistry uri https://registry.npmjs.org/string-natural-compare
100 verbose addRemoteTarball https://registry.npmjs.org/string-natural-compare/-/string-natural-compare-2.0.3.tgz not in flight; adding
101 verbose addRemoteTarball [ 'https://registry.npmjs.org/string-natural-compare/-/string-natural-compare-2.0.3.tgz',
101 verbose addRemoteTarball   '9dbe1dd65490a5fe14f7a5c9bc686fc67cb9c6e4' ]
102 info retry fetch attempt 1 at 8:53:32 AM
103 info attempt registry request try #1 at 8:53:32 AM
104 http fetch GET https://registry.npmjs.org/string-natural-compare/-/string-natural-compare-2.0.3.tgz
105 http fetch 200 https://registry.npmjs.org/string-natural-compare/-/string-natural-compare-2.0.3.tgz
106 silly fetchAndShaCheck shasum 9dbe1dd65490a5fe14f7a5c9bc686fc67cb9c6e4
107 verbose addTmpTarball /tmp/npm-15838-14243a40/registry.npmjs.org/string-natural-compare/-/string-natural-compare-2.0.3.tgz not in flight; adding
108 verbose addTmpTarball already have metadata; skipping unpack for string-natural-compare@2.0.3
109 silly cache afterAdd string-natural-compare@2.0.3
110 verbose afterAdd /home/amigos/.npm/string-natural-compare/2.0.3/package/package.json not in flight; writing
111 verbose afterAdd /home/amigos/.npm/string-natural-compare/2.0.3/package/package.json written
112 silly loadAllDepsIntoIdealTree Finishing
113 silly idealTree:prePrune lib
113 silly idealTree:prePrune └─┬ list.js@1.5.0
113 silly idealTree:prePrune   └── string-natural-compare@2.0.3
114 silly loadIdealTree Finishing
115 silly currentTree lib
115 silly currentTree └─┬ list.js@1.5.0
115 silly currentTree   └── string-natural-compare@2.0.3
116 silly idealTree lib
116 silly idealTree └─┬ list.js@1.5.0
116 silly idealTree   └── string-natural-compare@2.0.3
117 silly generateActionsToTake Starting
118 silly install generateActionsToTake
119 warn checkPermissions Missing write access to /usr/local/lib/node_modules/list.js
120 warn checkPermissions Missing write access to /usr/local/lib/node_modules
121 silly rollbackFailedOptional Starting
122 silly rollbackFailedOptional Finishing
123 silly runTopLevelLifecycles Starting
124 silly runTopLevelLifecycles Finishing
125 silly install printInstalled
126 verbose stack Error: EACCES: permission denied, access '/usr/local/lib/node_modules/list.js'
126 verbose stack     at Error (native)
127 verbose cwd /home/amigos/ros/src/necst_monitor/topic_server
128 error Linux 4.4.0-98-generic
129 error argv "/usr/bin/nodejs" "/usr/bin/npm" "install" "-g" "list.js"
130 error node v4.2.6
131 error npm  v3.5.2
132 error path /usr/local/lib/node_modules/list.js
133 error code EACCES
134 error errno -13
135 error syscall access
136 error Error: EACCES: permission denied, access '/usr/local/lib/node_modules/list.js'
136 error     at Error (native)
136 error  { [Error: EACCES: permission denied, access '/usr/local/lib/node_modules/list.js']
136 error   errno: -13,
136 error   code: 'EACCES',
136 error   syscall: 'access',
136 error   path: '/usr/local/lib/node_modules/list.js' }
137 error Please try running this command again as root/Administrator.
138 verbose exit [ -13, true ]
